2015-10-25 02:02:19,147 [Worker-9] INFO  o.e.m.c.i.l.LifecycleMappingFactory - Using org.maven.ide.eclipse.wtp.WarLifecycleMapping lifecycle mapping for MavenProject: edu.uniandes.expo.canina:ExposicionCaninaWeb:0.0.1-SNAPSHOT @ E:\DROPBOX_DATA\Dropbox\MAESTR페 ANDES\MEJORAMIENTO_DE_LA_PRODUCTIVIDAD_AUTOMATIZACION\WorkspaceTransformaciones\ExposicionCaninaWeb\pom.xml.
2015-10-25 02:02:29,986 [Worker-9] INFO  o.e.m.j.i.AbstractJavaProjectConfigurator - Adding source folder /ExposicionCaninaWeb/src
2015-10-25 02:02:29,988 [Worker-9] INFO  o.e.m.j.i.AbstractJavaProjectConfigurator - Not adding source folder /ExposicionCaninaWeb/src/test/java because it overlaps with /ExposicionCaninaWeb/src
2015-10-25 02:02:31,156 [Worker-9] INFO  o.e.m.c.i.p.ProjectConfigurationManager - Imported and configured 1 project(s) in 33 sec
2015-10-25 02:02:36,307 [Worker-18] WARN  o.e.m.c.i.embedder.EclipseLogger - Using platform encoding (Cp1252 actually) to copy filtered resources, i.e. build is platform dependent!
2015-10-25 02:02:36,312 [Worker-18] INFO  o.e.m.c.i.embedder.EclipseLogger - skip non existing resourceDirectory E:\DROPBOX_DATA\Dropbox\MAESTR페 ANDES\MEJORAMIENTO_DE_LA_PRODUCTIVIDAD_AUTOMATIZACION\WorkspaceTransformaciones\ExposicionCaninaWeb\src\main\resources
2015-10-25 02:02:36,320 [Worker-18] WARN  o.e.m.c.i.embedder.EclipseLogger - Using platform encoding (Cp1252 actually) to copy filtered resources, i.e. build is platform dependent!
2015-10-25 02:02:36,322 [Worker-18] INFO  o.e.m.c.i.embedder.EclipseLogger - skip non existing resourceDirectory E:\DROPBOX_DATA\Dropbox\MAESTR페 ANDES\MEJORAMIENTO_DE_LA_PRODUCTIVIDAD_AUTOMATIZACION\WorkspaceTransformaciones\ExposicionCaninaWeb\src\test\resources
2015-10-25 02:18:05,151 [Worker-6] WARN  o.e.m.c.i.embedder.EclipseLogger - Using platform encoding (Cp1252 actually) to copy filtered resources, i.e. build is platform dependent!
2015-10-25 02:18:05,167 [Worker-6] INFO  o.e.m.c.i.embedder.EclipseLogger - skip non existing resourceDirectory E:\DROPBOX_DATA\Dropbox\MAESTR페 ANDES\MEJORAMIENTO_DE_LA_PRODUCTIVIDAD_AUTOMATIZACION\WorkspaceTransformaciones\ExposicionCaninaWeb\src\main\resources
2015-10-25 02:18:05,178 [Worker-6] WARN  o.e.m.c.i.embedder.EclipseLogger - Using platform encoding (Cp1252 actually) to copy filtered resources, i.e. build is platform dependent!
2015-10-25 02:18:05,179 [Worker-6] INFO  o.e.m.c.i.embedder.EclipseLogger - skip non existing resourceDirectory E:\DROPBOX_DATA\Dropbox\MAESTR페 ANDES\MEJORAMIENTO_DE_LA_PRODUCTIVIDAD_AUTOMATIZACION\WorkspaceTransformaciones\ExposicionCaninaWeb\src\test\resources
2015-10-25 02:23:27,648 [Worker-4] WARN  o.e.m.c.i.embedder.EclipseLogger - Using platform encoding (Cp1252 actually) to copy filtered resources, i.e. build is platform dependent!
2015-10-25 02:23:27,663 [Worker-4] INFO  o.e.m.c.i.embedder.EclipseLogger - skip non existing resourceDirectory E:\DROPBOX_DATA\Dropbox\MAESTR페 ANDES\MEJORAMIENTO_DE_LA_PRODUCTIVIDAD_AUTOMATIZACION\WorkspaceTransformaciones\ExposicionCaninaWeb\src\main\resources
2015-10-25 02:23:27,683 [Worker-4] WARN  o.e.m.c.i.embedder.EclipseLogger - Using platform encoding (Cp1252 actually) to copy filtered resources, i.e. build is platform dependent!
2015-10-25 02:23:27,685 [Worker-4] INFO  o.e.m.c.i.embedder.EclipseLogger - skip non existing resourceDirectory E:\DROPBOX_DATA\Dropbox\MAESTR페 ANDES\MEJORAMIENTO_DE_LA_PRODUCTIVIDAD_AUTOMATIZACION\WorkspaceTransformaciones\ExposicionCaninaWeb\src\test\resources
2015-10-25 02:36:52,400 [Worker-8] WARN  o.e.m.c.i.embedder.EclipseLogger - Using platform encoding (Cp1252 actually) to copy filtered resources, i.e. build is platform dependent!
2015-10-25 02:36:52,404 [Worker-8] INFO  o.e.m.c.i.embedder.EclipseLogger - skip non existing resourceDirectory E:\DROPBOX_DATA\Dropbox\MAESTR페 ANDES\MEJORAMIENTO_DE_LA_PRODUCTIVIDAD_AUTOMATIZACION\WorkspaceTransformaciones\ExposicionCaninaWeb\src\main\resources
2015-10-25 02:36:52,410 [Worker-8] WARN  o.e.m.c.i.embedder.EclipseLogger - Using platform encoding (Cp1252 actually) to copy filtered resources, i.e. build is platform dependent!
2015-10-25 02:36:52,413 [Worker-8] INFO  o.e.m.c.i.embedder.EclipseLogger - skip non existing resourceDirectory E:\DROPBOX_DATA\Dropbox\MAESTR페 ANDES\MEJORAMIENTO_DE_LA_PRODUCTIVIDAD_AUTOMATIZACION\WorkspaceTransformaciones\ExposicionCaninaWeb\src\test\resources
2015-10-25 03:12:08,969 [Worker-37] WARN  o.e.m.c.i.embedder.EclipseLogger - Using platform encoding (Cp1252 actually) to copy filtered resources, i.e. build is platform dependent!
2015-10-25 03:12:09,015 [Worker-37] INFO  o.e.m.c.i.embedder.EclipseLogger - skip non existing resourceDirectory E:\DROPBOX_DATA\Dropbox\MAESTR페 ANDES\MEJORAMIENTO_DE_LA_PRODUCTIVIDAD_AUTOMATIZACION\WorkspaceTransformaciones\ExposicionCaninaWeb\src\main\resources
2015-10-25 03:12:09,036 [Worker-37] WARN  o.e.m.c.i.embedder.EclipseLogger - Using platform encoding (Cp1252 actually) to copy filtered resources, i.e. build is platform dependent!
2015-10-25 03:12:09,040 [Worker-37] INFO  o.e.m.c.i.embedder.EclipseLogger - skip non existing resourceDirectory E:\DROPBOX_DATA\Dropbox\MAESTR페 ANDES\MEJORAMIENTO_DE_LA_PRODUCTIVIDAD_AUTOMATIZACION\WorkspaceTransformaciones\ExposicionCaninaWeb\src\test\resources
2015-10-25 03:12:19,116 [Worker-32] WARN  o.e.m.c.i.embedder.EclipseLogger - Using platform encoding (Cp1252 actually) to copy filtered resources, i.e. build is platform dependent!
2015-10-25 03:12:19,118 [Worker-32] INFO  o.e.m.c.i.embedder.EclipseLogger - skip non existing resourceDirectory E:\DROPBOX_DATA\Dropbox\MAESTR페 ANDES\MEJORAMIENTO_DE_LA_PRODUCTIVIDAD_AUTOMATIZACION\WorkspaceTransformaciones\ExposicionCaninaWeb\src\main\resources
2015-10-25 03:12:19,120 [Worker-32] WARN  o.e.m.c.i.embedder.EclipseLogger - Using platform encoding (Cp1252 actually) to copy filtered resources, i.e. build is platform dependent!
2015-10-25 03:12:19,122 [Worker-32] INFO  o.e.m.c.i.embedder.EclipseLogger - skip non existing resourceDirectory E:\DROPBOX_DATA\Dropbox\MAESTR페 ANDES\MEJORAMIENTO_DE_LA_PRODUCTIVIDAD_AUTOMATIZACION\WorkspaceTransformaciones\ExposicionCaninaWeb\src\test\resources
2015-10-25 03:15:27,536 [Worker-39] WARN  o.e.m.c.i.embedder.EclipseLogger - Using platform encoding (Cp1252 actually) to copy filtered resources, i.e. build is platform dependent!
2015-10-25 03:15:27,537 [Worker-39] INFO  o.e.m.c.i.embedder.EclipseLogger - skip non existing resourceDirectory E:\DROPBOX_DATA\Dropbox\MAESTR페 ANDES\MEJORAMIENTO_DE_LA_PRODUCTIVIDAD_AUTOMATIZACION\WorkspaceTransformaciones\ExposicionCaninaWeb\src\main\resources
2015-10-25 03:15:27,539 [Worker-39] WARN  o.e.m.c.i.embedder.EclipseLogger - Using platform encoding (Cp1252 actually) to copy filtered resources, i.e. build is platform dependent!
2015-10-25 03:15:27,539 [Worker-39] INFO  o.e.m.c.i.embedder.EclipseLogger - skip non existing resourceDirectory E:\DROPBOX_DATA\Dropbox\MAESTR페 ANDES\MEJORAMIENTO_DE_LA_PRODUCTIVIDAD_AUTOMATIZACION\WorkspaceTransformaciones\ExposicionCaninaWeb\src\test\resources
2015-10-25 03:15:33,663 [Worker-32] WARN  o.e.m.c.i.embedder.EclipseLogger - Using platform encoding (Cp1252 actually) to copy filtered resources, i.e. build is platform dependent!
2015-10-25 03:15:33,665 [Worker-32] INFO  o.e.m.c.i.embedder.EclipseLogger - skip non existing resourceDirectory E:\DROPBOX_DATA\Dropbox\MAESTR페 ANDES\MEJORAMIENTO_DE_LA_PRODUCTIVIDAD_AUTOMATIZACION\WorkspaceTransformaciones\ExposicionCaninaWeb\src\main\resources
2015-10-25 03:15:33,667 [Worker-32] WARN  o.e.m.c.i.embedder.EclipseLogger - Using platform encoding (Cp1252 actually) to copy filtered resources, i.e. build is platform dependent!
2015-10-25 03:15:33,668 [Worker-32] INFO  o.e.m.c.i.embedder.EclipseLogger - skip non existing resourceDirectory E:\DROPBOX_DATA\Dropbox\MAESTR페 ANDES\MEJORAMIENTO_DE_LA_PRODUCTIVIDAD_AUTOMATIZACION\WorkspaceTransformaciones\ExposicionCaninaWeb\src\test\resources
2015-10-25 03:24:50,921 [Worker-21] WARN  o.e.m.c.i.embedder.EclipseLogger - Using platform encoding (Cp1252 actually) to copy filtered resources, i.e. build is platform dependent!
2015-10-25 03:24:50,922 [Worker-21] INFO  o.e.m.c.i.embedder.EclipseLogger - skip non existing resourceDirectory E:\DROPBOX_DATA\Dropbox\MAESTR페 ANDES\MEJORAMIENTO_DE_LA_PRODUCTIVIDAD_AUTOMATIZACION\WorkspaceTransformaciones\ExposicionCaninaWeb\src\main\resources
2015-10-25 03:24:50,924 [Worker-21] WARN  o.e.m.c.i.embedder.EclipseLogger - Using platform encoding (Cp1252 actually) to copy filtered resources, i.e. build is platform dependent!
2015-10-25 03:24:50,925 [Worker-21] INFO  o.e.m.c.i.embedder.EclipseLogger - skip non existing resourceDirectory E:\DROPBOX_DATA\Dropbox\MAESTR페 ANDES\MEJORAMIENTO_DE_LA_PRODUCTIVIDAD_AUTOMATIZACION\WorkspaceTransformaciones\ExposicionCaninaWeb\src\test\resources
2015-10-25 03:27:57,003 [Worker-42] WARN  o.e.m.c.i.embedder.EclipseLogger - Using platform encoding (Cp1252 actually) to copy filtered resources, i.e. build is platform dependent!
2015-10-25 03:27:57,004 [Worker-42] INFO  o.e.m.c.i.embedder.EclipseLogger - skip non existing resourceDirectory E:\DROPBOX_DATA\Dropbox\MAESTR페 ANDES\MEJORAMIENTO_DE_LA_PRODUCTIVIDAD_AUTOMATIZACION\WorkspaceTransformaciones\ExposicionCaninaWeb\src\main\resources
2015-10-25 03:27:57,007 [Worker-42] WARN  o.e.m.c.i.embedder.EclipseLogger - Using platform encoding (Cp1252 actually) to copy filtered resources, i.e. build is platform dependent!
2015-10-25 03:27:57,008 [Worker-42] INFO  o.e.m.c.i.embedder.EclipseLogger - skip non existing resourceDirectory E:\DROPBOX_DATA\Dropbox\MAESTR페 ANDES\MEJORAMIENTO_DE_LA_PRODUCTIVIDAD_AUTOMATIZACION\WorkspaceTransformaciones\ExposicionCaninaWeb\src\test\resources
2015-10-25 03:27:59,520 [Worker-32] WARN  o.e.m.c.i.embedder.EclipseLogger - Using platform encoding (Cp1252 actually) to copy filtered resources, i.e. build is platform dependent!
2015-10-25 03:27:59,522 [Worker-32] INFO  o.e.m.c.i.embedder.EclipseLogger - skip non existing resourceDirectory E:\DROPBOX_DATA\Dropbox\MAESTR페 ANDES\MEJORAMIENTO_DE_LA_PRODUCTIVIDAD_AUTOMATIZACION\WorkspaceTransformaciones\ExposicionCaninaWeb\src\main\resources
2015-10-25 03:27:59,524 [Worker-32] WARN  o.e.m.c.i.embedder.EclipseLogger - Using platform encoding (Cp1252 actually) to copy filtered resources, i.e. build is platform dependent!
2015-10-25 03:27:59,525 [Worker-32] INFO  o.e.m.c.i.embedder.EclipseLogger - skip non existing resourceDirectory E:\DROPBOX_DATA\Dropbox\MAESTR페 ANDES\MEJORAMIENTO_DE_LA_PRODUCTIVIDAD_AUTOMATIZACION\WorkspaceTransformaciones\ExposicionCaninaWeb\src\test\resources
2015-10-25 03:32:10,861 [Worker-45] WARN  o.e.m.c.i.embedder.EclipseLogger - Using platform encoding (Cp1252 actually) to copy filtered resources, i.e. build is platform dependent!
2015-10-25 03:32:10,862 [Worker-45] INFO  o.e.m.c.i.embedder.EclipseLogger - skip non existing resourceDirectory E:\DROPBOX_DATA\Dropbox\MAESTR페 ANDES\MEJORAMIENTO_DE_LA_PRODUCTIVIDAD_AUTOMATIZACION\WorkspaceTransformaciones\ExposicionCaninaWeb\src\main\resources
2015-10-25 03:32:10,864 [Worker-45] WARN  o.e.m.c.i.embedder.EclipseLogger - Using platform encoding (Cp1252 actually) to copy filtered resources, i.e. build is platform dependent!
2015-10-25 03:32:10,865 [Worker-45] INFO  o.e.m.c.i.embedder.EclipseLogger - skip non existing resourceDirectory E:\DROPBOX_DATA\Dropbox\MAESTR페 ANDES\MEJORAMIENTO_DE_LA_PRODUCTIVIDAD_AUTOMATIZACION\WorkspaceTransformaciones\ExposicionCaninaWeb\src\test\resources
2015-10-25 03:35:39,427 [Worker-47] WARN  o.e.m.c.i.embedder.EclipseLogger - Using platform encoding (Cp1252 actually) to copy filtered resources, i.e. build is platform dependent!
2015-10-25 03:35:39,430 [Worker-47] INFO  o.e.m.c.i.embedder.EclipseLogger - skip non existing resourceDirectory E:\DROPBOX_DATA\Dropbox\MAESTR페 ANDES\MEJORAMIENTO_DE_LA_PRODUCTIVIDAD_AUTOMATIZACION\WorkspaceTransformaciones\ExposicionCaninaWeb\src\main\resources
2015-10-25 03:35:39,432 [Worker-47] WARN  o.e.m.c.i.embedder.EclipseLogger - Using platform encoding (Cp1252 actually) to copy filtered resources, i.e. build is platform dependent!
2015-10-25 03:35:39,433 [Worker-47] INFO  o.e.m.c.i.embedder.EclipseLogger - skip non existing resourceDirectory E:\DROPBOX_DATA\Dropbox\MAESTR페 ANDES\MEJORAMIENTO_DE_LA_PRODUCTIVIDAD_AUTOMATIZACION\WorkspaceTransformaciones\ExposicionCaninaWeb\src\test\resources
2015-10-25 03:36:23,093 [Worker-45] WARN  o.e.m.c.i.embedder.EclipseLogger - Using platform encoding (Cp1252 actually) to copy filtered resources, i.e. build is platform dependent!
2015-10-25 03:36:23,094 [Worker-45] INFO  o.e.m.c.i.embedder.EclipseLogger - skip non existing resourceDirectory E:\DROPBOX_DATA\Dropbox\MAESTR페 ANDES\MEJORAMIENTO_DE_LA_PRODUCTIVIDAD_AUTOMATIZACION\WorkspaceTransformaciones\ExposicionCaninaWeb\src\main\resources
2015-10-25 03:36:23,096 [Worker-45] WARN  o.e.m.c.i.embedder.EclipseLogger - Using platform encoding (Cp1252 actually) to copy filtered resources, i.e. build is platform dependent!
2015-10-25 03:36:23,097 [Worker-45] INFO  o.e.m.c.i.embedder.EclipseLogger - skip non existing resourceDirectory E:\DROPBOX_DATA\Dropbox\MAESTR페 ANDES\MEJORAMIENTO_DE_LA_PRODUCTIVIDAD_AUTOMATIZACION\WorkspaceTransformaciones\ExposicionCaninaWeb\src\test\resources
